<?xml version="1.0" encoding="UTF-8"?>
<!-- Generated by org.testng.reporters.JUnitXMLReporter -->
<testsuite hostname="DESKTOP-SUN" ignored="0" name="test" tests="5" failures="0" timestamp="19 十二月 2019 08:44:19 GMT" time="3.462" errors="0">
  <testcase name="LoginFail" time="2.736" classname="com.course.cases.LoginCase"/>
  <testcase name="LoginSuccess" time="0.141" classname="com.course.cases.LoginCase"/>
  <testcase name="addUser" time="0.125" classname="com.course.cases.AddUserCase"/>
  <testcase name="GetUserInfoCase" time="0.109" classname="com.course.cases.GetUserInfoCase"/>
  <testcase name="getUserListCase" time="0.258" classname="com.course.cases.GetUserListCase"/>
</testsuite> <!-- test -->
