<?xml version="1.0" encoding="UTF-8"?>
<!-- Generated by org.testng.reporters.JUnitXMLReporter -->
<testsuite hostname="DESKTOP-SUN" ignored="0" name="test" tests="5" failures="0" timestamp="28 十二月 2019 08:00:55 GMT" time="4.687" errors="0">
  <testcase name="LoginFail" time="4.093" classname="com.course.cases.LoginCase"/>
  <testcase name="LoginSuccess" time="0.093" classname="com.course.cases.LoginCase"/>
  <testcase name="addUser" time="0.094" classname="com.course.cases.AddUserCase"/>
  <testcase name="GetUserInfoCase" time="0.078" classname="com.course.cases.GetUserInfoCase"/>
  <testcase name="getUserListCase" time="0.235" classname="com.course.cases.GetUserListCase"/>
</testsuite> <!-- test -->
